<?xml version="1.0" encoding="UTF-8"?>
<!-- Generated by org.testng.reporters.JUnitReportReporter -->
<testsuite hostname="Siddhis-MBP.attlocal.net" name="Academy.HomePage" tests="2" failures="0" timestamp="21 May 2020 20:14:00 GMT" time="21.183" errors="0">
  <testcase name="basePageNavigation" time="10.827" classname="Academy.HomePage"/>
  <testcase name="basePageNavigation" time="10.356" classname="Academy.HomePage"/>
</testsuite> <!-- Academy.HomePage -->
