<?xml version="1.0" encoding="UTF-8"?>
<!-- Generated by org.testng.reporters.JUnitReportReporter -->
<testsuite hostname="Siddhis-MBP.attlocal.net" name="Academy.VerifySignup" tests="1" failures="0" timestamp="21 May 2020 20:14:00 GMT" time="38.063" errors="0">
  <testcase name="verifySignup" time="38.063" classname="Academy.VerifySignup"/>
</testsuite> <!-- Academy.VerifySignup -->
