<?xml version="1.0" encoding="UTF-8"?>
<!-- Generated by org.testng.reporters.JUnitReportReporter -->
<testsuite hostname="Siddhis-MBP.attlocal.net" name="Academy.Practice" tests="1" failures="0" timestamp="21 May 2020 20:14:00 GMT" time="21.215" errors="0">
  <testcase name="signout" time="21.215" classname="Academy.Practice"/>
</testsuite> <!-- Academy.Practice -->
