<?xml version="1.0" encoding="UTF-8"?>
<!-- Generated by org.testng.reporters.JUnitReportReporter -->
<testsuite hostname="Siddhis-MBP.attlocal.net" name="Academy.validateNavigationBar" tests="1" failures="0" timestamp="21 May 2020 20:14:00 GMT" time="0.057" errors="0">
  <testcase name="validateAppNavBar" time="0.057" classname="Academy.validateNavigationBar"/>
</testsuite> <!-- Academy.validateNavigationBar -->
